<?xml version="1.0" encoding="UTF-8"?>
<testsuite name="colruyt.rearulmgtdmnejb.utils.ReferenceDataConverterTest" tests="9" skipped="0" failures="0" errors="0" timestamp="2020-08-20T10:54:22" hostname="f5f2d81ae076" time="0.051">
  <properties/>
  <testcase name="convertRefQtyTypeTest" classname="colruyt.rearulmgtdmnejb.utils.ReferenceDataConverterTest" time="0.006"/>
  <testcase name="convertRefQtyCondTest" classname="colruyt.rearulmgtdmnejb.utils.ReferenceDataConverterTest" time="0.008"/>
  <testcase name="convertRefReaActiontypeListTest" classname="colruyt.rearulmgtdmnejb.utils.ReferenceDataConverterTest" time="0.005"/>
  <testcase name="convertRefReaActiontypeTest" classname="colruyt.rearulmgtdmnejb.utils.ReferenceDataConverterTest" time="0.004"/>
  <testcase name="convertRefFltoutTypeTest" classname="colruyt.rearulmgtdmnejb.utils.ReferenceDataConverterTest" time="0.006"/>
  <testcase name="convertRefReaSourceListTest" classname="colruyt.rearulmgtdmnejb.utils.ReferenceDataConverterTest" time="0.007"/>
  <testcase name="convertRefReaSourceTest" classname="colruyt.rearulmgtdmnejb.utils.ReferenceDataConverterTest" time="0.002"/>
  <testcase name="convertRuleTypeTest" classname="colruyt.rearulmgtdmnejb.utils.ReferenceDataConverterTest" time="0.002"/>
  <testcase name="convertRefNonReactingCodeTypeTest" classname="colruyt.rearulmgtdmnejb.utils.ReferenceDataConverterTest" time="0.008"/>
  <system-out><![CDATA[]]></system-out>
  <system-err><![CDATA[]]></system-err>
</testsuite>
