<?xml version="1.0" encoding="UTF-8"?>
<testsuite name="colruyt.rearulmgtdmnejb.service.bl.PriceProductServiceTest" tests="2" skipped="0" failures="0" errors="0" timestamp="2020-08-20T10:53:53" hostname="f5f2d81ae076" time="0.188">
  <properties/>
  <testcase name="getPriceProductsTest" classname="colruyt.rearulmgtdmnejb.service.bl.PriceProductServiceTest" time="0.148"/>
  <testcase name="findHierarchyValuesTest" classname="colruyt.rearulmgtdmnejb.service.bl.PriceProductServiceTest" time="0.039"/>
  <system-out><![CDATA[]]></system-out>
  <system-err><![CDATA[]]></system-err>
</testsuite>
