<?xml version="1.0" encoding="UTF-8"?>
<testsuite name="colruyt.rearulmgtdmnejb.service.bl.QuantityRuleServiceTest" tests="3" skipped="0" failures="0" errors="0" timestamp="2020-08-20T10:53:53" hostname="f5f2d81ae076" time="0.043">
  <properties/>
  <testcase name="physicalDeleteElementsTest" classname="colruyt.rearulmgtdmnejb.service.bl.QuantityRuleServiceTest" time="0.011"/>
  <testcase name="createRuleSpecificAttributesTest" classname="colruyt.rearulmgtdmnejb.service.bl.QuantityRuleServiceTest" time="0.019"/>
  <testcase name="modifyRuleSpecificAttributesTest" classname="colruyt.rearulmgtdmnejb.service.bl.QuantityRuleServiceTest" time="0.011"/>
  <system-out><![CDATA[2020-08-20 12:53:53,663 [DEBUG] colruyt.rearulmgtdmnejb.service.bl.QuantityRuleService - physicalDeleteElements 1
2020-08-20 12:53:53,669 [DEBUG] colruyt.rearulmgtdmnejb.service.bl.QuantityRuleService - Create Quantity Rule
2020-08-20 12:53:53,672 [DEBUG] colruyt.rearulmgtdmnejb.service.bl.QuantityRuleService - Quantity Rule Mandatory field Validation
2020-08-20 12:53:53,689 [DEBUG] colruyt.rearulmgtdmnejb.service.bl.QuantityRuleService -  Edit Quantity Rule
2020-08-20 12:53:53,693 [DEBUG] colruyt.rearulmgtdmnejb.service.bl.QuantityRuleService - Quantity Rule Mandatory field Validation
]]></system-out>
  <system-err><![CDATA[]]></system-err>
</testsuite>
