<?xml version="1.0" encoding="UTF-8"?>
<testsuite name="colruyt.rearulmgtdmnejb.enums.SourceTypeTest" tests="2" skipped="0" failures="0" errors="0" timestamp="2020-08-20T10:53:48" hostname="f5f2d81ae076" time="0.008">
  <properties/>
  <testcase name="sourceTypeEnumTest" classname="colruyt.rearulmgtdmnejb.enums.SourceTypeTest" time="0.006"/>
  <testcase name="sourceTypeEnumTest2" classname="colruyt.rearulmgtdmnejb.enums.SourceTypeTest" time="0.001"/>
  <system-out><![CDATA[]]></system-out>
  <system-err><![CDATA[]]></system-err>
</testsuite>
