<?xml version="1.0" encoding="UTF-8"?>
<testsuite name="colruyt.rearulmgtdmnejb.service.dl.ReferenceDataDlServiceTest" tests="5" skipped="0" failures="0" errors="0" timestamp="2020-08-20T10:54:22" hostname="f5f2d81ae076" time="0.348">
  <properties/>
  <testcase name="findAllRefFilterOutRecordingTypesTest" classname="colruyt.rearulmgtdmnejb.service.dl.ReferenceDataDlServiceTest" time="0.183"/>
  <testcase name="findAllRefQuantityTypeTest" classname="colruyt.rearulmgtdmnejb.service.dl.ReferenceDataDlServiceTest" time="0.057"/>
  <testcase name="findAllRuleTypeTest" classname="colruyt.rearulmgtdmnejb.service.dl.ReferenceDataDlServiceTest" time="0.033"/>
  <testcase name="findAllRefQuantityConditionTest" classname="colruyt.rearulmgtdmnejb.service.dl.ReferenceDataDlServiceTest" time="0.034"/>
  <testcase name="findAllRefReasonTypeTest" classname="colruyt.rearulmgtdmnejb.service.dl.ReferenceDataDlServiceTest" time="0.038"/>
  <system-out><![CDATA[]]></system-out>
  <system-err><![CDATA[Aug 20, 2020 12:54:22 PM org.unitils.dbunit.DbUnitModule getDataSet
INFO: Loading DbUnit data set. File names: [/home/gradle/project/build/resources/test/colruyt/rearulmgtdmnejb/service/dl/dataset/ReferenceDataDlServiceTest.xml]
23698  in_memory_database_testing  TRACE  [Test worker] openjpa.jdbc.SQL - <t 1419574106, conn 972522616> batching prepstmnt 2008041796 insert into "PUBLIC"."FLTOUT_TYPE_LANG" ("FLTOUT_TYPE_ID", "FLTOUT_TYPE_NAME", "DESCRIPTION", "ISO_LANG_CODE") values (?, ?, ?, ?) [params=?, ?, ?, ?]
23698  in_memory_database_testing  TRACE  [Test worker] openjpa.jdbc.SQL - <t 1419574106, conn 972522616> [0 ms] spent
23699  in_memory_database_testing  TRACE  [Test worker] openjpa.jdbc.SQL - <t 1419574106, conn 972522616> batching prepstmnt 2008041796 insert into "PUBLIC"."FLTOUT_TYPE_LANG" ("FLTOUT_TYPE_ID", "FLTOUT_TYPE_NAME", "DESCRIPTION", "ISO_LANG_CODE") values (?, ?, ?, ?) [params=?, ?, ?, ?]
23699  in_memory_database_testing  TRACE  [Test worker] openjpa.jdbc.SQL - <t 1419574106, conn 972522616> [0 ms] spent
23699  in_memory_database_testing  TRACE  [Test worker] openjpa.jdbc.SQL - <t 1419574106, conn 972522616> executing batch prepstmnt 2008041796 insert into "PUBLIC"."FLTOUT_TYPE_LANG" ("FLTOUT_TYPE_ID", "FLTOUT_TYPE_NAME", "DESCRIPTION", "ISO_LANG_CODE") values (?, ?, ?, ?) [params=?, ?, ?, ?]
23716  in_memory_database_testing  TRACE  [Test worker] openjpa.jdbc.SQL - <t 1419574106, conn 972522616> [17 ms] spent
23727  in_memory_database_testing  TRACE  [Test worker] openjpa.jdbc.SQL - <t 1419574106, conn 972522616> batching prepstmnt 1271014947 insert into "PUBLIC"."QTY_COND_LANG" ("QTY_COND_ID", "QTY_COND_NAME", "DESCRIPTION", "ISO_LANG_CODE") values (?, ?, ?, ?) [params=?, ?, ?, ?]
23732  in_memory_database_testing  TRACE  [Test worker] openjpa.jdbc.SQL - <t 1419574106, conn 972522616> [0 ms] spent
23732  in_memory_database_testing  TRACE  [Test worker] openjpa.jdbc.SQL - <t 1419574106, conn 972522616> executing batch prepstmnt 1271014947 insert into "PUBLIC"."QTY_COND_LANG" ("QTY_COND_ID", "QTY_COND_NAME", "DESCRIPTION", "ISO_LANG_CODE") values (?, ?, ?, ?) [params=?, ?, ?, ?]
23741  in_memory_database_testing  TRACE  [Test worker] openjpa.jdbc.SQL - <t 1419574106, conn 972522616> [9 ms] spent
23746  in_memory_database_testing  TRACE  [Test worker] openjpa.jdbc.SQL - <t 1419574106, conn 972522616> batching prepstmnt 1829164328 insert into "PUBLIC"."QTY_TYPE_LANG" ("QTY_TYPE_ID", "QTY_TYPE_NAME", "DESCRIPTION", "ISO_LANG_CODE") values (?, ?, ?, ?) [params=?, ?, ?, ?]
23746  in_memory_database_testing  TRACE  [Test worker] openjpa.jdbc.SQL - <t 1419574106, conn 972522616> [0 ms] spent
23747  in_memory_database_testing  TRACE  [Test worker] openjpa.jdbc.SQL - <t 1419574106, conn 972522616> executing batch prepstmnt 1829164328 insert into "PUBLIC"."QTY_TYPE_LANG" ("QTY_TYPE_ID", "QTY_TYPE_NAME", "DESCRIPTION", "ISO_LANG_CODE") values (?, ?, ?, ?) [params=?, ?, ?, ?]
23748  in_memory_database_testing  TRACE  [Test worker] openjpa.jdbc.SQL - <t 1419574106, conn 972522616> [0 ms] spent
23765  in_memory_database_testing  TRACE  [Test worker] openjpa.jdbc.SQL - <t 1419574106, conn 972522616> batching prepstmnt 1561991779 insert into "PUBLIC"."REA_REASON_LANG" ("REASON_ID", "REASON_NAME", "DESCRIPTION", "ISO_LANG_CODE") values (?, ?, ?, ?) [params=?, ?, ?, ?]
23766  in_memory_database_testing  TRACE  [Test worker] openjpa.jdbc.SQL - <t 1419574106, conn 972522616> [0 ms] spent
23766  in_memory_database_testing  TRACE  [Test worker] openjpa.jdbc.SQL - <t 1419574106, conn 972522616> executing batch prepstmnt 1561991779 insert into "PUBLIC"."REA_REASON_LANG" ("REASON_ID", "REASON_NAME", "DESCRIPTION", "ISO_LANG_CODE") values (?, ?, ?, ?) [params=?, ?, ?, ?]
23768  in_memory_database_testing  TRACE  [Test worker] openjpa.jdbc.SQL - <t 1419574106, conn 972522616> [1 ms] spent
23771  in_memory_database_testing  TRACE  [Test worker] openjpa.jdbc.SQL - <t 1419574106, conn 972522616> batching prepstmnt 680891117 insert into "PUBLIC"."RULETYPE_LANG" ("RULETYPE_ID", "RULETYPE_NAME", "DESCRIPTION", "ISO_LANG_CODE") values (?, ?, ?, ?) [params=?, ?, ?, ?]
23773  in_memory_database_testing  TRACE  [Test worker] openjpa.jdbc.SQL - <t 1419574106, conn 972522616> [0 ms] spent
23774  in_memory_database_testing  TRACE  [Test worker] openjpa.jdbc.SQL - <t 1419574106, conn 972522616> executing batch prepstmnt 680891117 insert into "PUBLIC"."RULETYPE_LANG" ("RULETYPE_ID", "RULETYPE_NAME", "DESCRIPTION", "ISO_LANG_CODE") values (?, ?, ?, ?) [params=?, ?, ?, ?]
23774  in_memory_database_testing  TRACE  [Test worker] openjpa.jdbc.SQL - <t 1419574106, conn 972522616> [0 ms] spent
23786  in_memory_database_testing  TRACE  [Test worker] openjpa.jdbc.SQL - <t 1419574106, conn 972522616> executing prepstmnt 537550038 SELECT t0.FLTOUT_TYPE_ID, t0.ISO_LANG_CODE, t0.DESCRIPTION, t0.FLTOUT_TYPE_NAME FROM PUBLIC.FLTOUT_TYPE_LANG t0
23787  in_memory_database_testing  TRACE  [Test worker] openjpa.jdbc.SQL - <t 1419574106, conn 972522616> [1 ms] spent
Aug 20, 2020 12:54:22 PM org.unitils.orm.jpa.JpaModule flushOrmPersistenceContext
INFO: Flushing entity manager org.apache.openjpa.persistence.EntityManagerImpl@674c5c3e
23795  in_memory_database_testing  TRACE  [Test worker] openjpa.jdbc.SQL - <t 1419574106, conn 972522616> executing prepstmnt 1391716724 UPDATE PUBLIC.FLTOUT_TYPE_LANG SET DESCRIPTION = ?, FLTOUT_TYPE_NAME = ? WHERE FLTOUT_TYPE_ID = ? AND ISO_LANG_CODE = ? [params=?, ?, ?, ?]
23798  in_memory_database_testing  TRACE  [Test worker] openjpa.jdbc.SQL - <t 1419574106, conn 972522616> [1 ms] spent
23802  in_memory_database_testing  TRACE  [Test worker] openjpa.jdbc.SQL - <t 1419574106, conn 972522616> executing prepstmnt 325046076 UPDATE PUBLIC.FLTOUT_TYPE_LANG SET DESCRIPTION = ?, FLTOUT_TYPE_NAME = ? WHERE FLTOUT_TYPE_ID = ? AND ISO_LANG_CODE = ? [params=?, ?, ?, ?]
23802  in_memory_database_testing  TRACE  [Test worker] openjpa.jdbc.SQL - <t 1419574106, conn 972522616> [0 ms] spent
Aug 20, 2020 12:54:22 PM org.unitils.dbunit.DbUnitModule getDataSet
INFO: Loading DbUnit data set. File names: [/home/gradle/project/build/resources/test/colruyt/rearulmgtdmnejb/service/dl/dataset/ReferenceDataDlServiceTest.xml]
23825  in_memory_database_testing  TRACE  [Test worker] openjpa.jdbc.SQL - <t 1419574106, conn 972522616> batching prepstmnt 1227075502 insert into "PUBLIC"."FLTOUT_TYPE_LANG" ("FLTOUT_TYPE_ID", "FLTOUT_TYPE_NAME", "DESCRIPTION", "ISO_LANG_CODE") values (?, ?, ?, ?) [params=?, ?, ?, ?]
23826  in_memory_database_testing  TRACE  [Test worker] openjpa.jdbc.SQL - <t 1419574106, conn 972522616> [0 ms] spent
23826  in_memory_database_testing  TRACE  [Test worker] openjpa.jdbc.SQL - <t 1419574106, conn 972522616> batching prepstmnt 1227075502 insert into "PUBLIC"."FLTOUT_TYPE_LANG" ("FLTOUT_TYPE_ID", "FLTOUT_TYPE_NAME", "DESCRIPTION", "ISO_LANG_CODE") values (?, ?, ?, ?) [params=?, ?, ?, ?]
23826  in_memory_database_testing  TRACE  [Test worker] openjpa.jdbc.SQL - <t 1419574106, conn 972522616> [0 ms] spent
23827  in_memory_database_testing  TRACE  [Test worker] openjpa.jdbc.SQL - <t 1419574106, conn 972522616> executing batch prepstmnt 1227075502 insert into "PUBLIC"."FLTOUT_TYPE_LANG" ("FLTOUT_TYPE_ID", "FLTOUT_TYPE_NAME", "DESCRIPTION", "ISO_LANG_CODE") values (?, ?, ?, ?) [params=?, ?, ?, ?]
23828  in_memory_database_testing  TRACE  [Test worker] openjpa.jdbc.SQL - <t 1419574106, conn 972522616> [0 ms] spent
23828  in_memory_database_testing  TRACE  [Test worker] openjpa.jdbc.SQL - <t 1419574106, conn 972522616> batching prepstmnt 1968480702 insert into "PUBLIC"."QTY_COND_LANG" ("QTY_COND_ID", "QTY_COND_NAME", "DESCRIPTION", "ISO_LANG_CODE") values (?, ?, ?, ?) [params=?, ?, ?, ?]
23829  in_memory_database_testing  TRACE  [Test worker] openjpa.jdbc.SQL - <t 1419574106, conn 972522616> [0 ms] spent
23829  in_memory_database_testing  TRACE  [Test worker] openjpa.jdbc.SQL - <t 1419574106, conn 972522616> executing batch prepstmnt 1968480702 insert into "PUBLIC"."QTY_COND_LANG" ("QTY_COND_ID", "QTY_COND_NAME", "DESCRIPTION", "ISO_LANG_CODE") values (?, ?, ?, ?) [params=?, ?, ?, ?]
23830  in_memory_database_testing  TRACE  [Test worker] openjpa.jdbc.SQL - <t 1419574106, conn 972522616> [1 ms] spent
23831  in_memory_database_testing  TRACE  [Test worker] openjpa.jdbc.SQL - <t 1419574106, conn 972522616> batching prepstmnt 2093598084 insert into "PUBLIC"."QTY_TYPE_LANG" ("QTY_TYPE_ID", "QTY_TYPE_NAME", "DESCRIPTION", "ISO_LANG_CODE") values (?, ?, ?, ?) [params=?, ?, ?, ?]
23831  in_memory_database_testing  TRACE  [Test worker] openjpa.jdbc.SQL - <t 1419574106, conn 972522616> [0 ms] spent
23831  in_memory_database_testing  TRACE  [Test worker] openjpa.jdbc.SQL - <t 1419574106, conn 972522616> executing batch prepstmnt 2093598084 insert into "PUBLIC"."QTY_TYPE_LANG" ("QTY_TYPE_ID", "QTY_TYPE_NAME", "DESCRIPTION", "ISO_LANG_CODE") values (?, ?, ?, ?) [params=?, ?, ?, ?]
23836  in_memory_database_testing  TRACE  [Test worker] openjpa.jdbc.SQL - <t 1419574106, conn 972522616> [4 ms] spent
23839  in_memory_database_testing  TRACE  [Test worker] openjpa.jdbc.SQL - <t 1419574106, conn 972522616> batching prepstmnt 939266061 insert into "PUBLIC"."REA_REASON_LANG" ("REASON_ID", "REASON_NAME", "DESCRIPTION", "ISO_LANG_CODE") values (?, ?, ?, ?) [params=?, ?, ?, ?]
23840  in_memory_database_testing  TRACE  [Test worker] openjpa.jdbc.SQL - <t 1419574106, conn 972522616> [0 ms] spent
23840  in_memory_database_testing  TRACE  [Test worker] openjpa.jdbc.SQL - <t 1419574106, conn 972522616> executing batch prepstmnt 939266061 insert into "PUBLIC"."REA_REASON_LANG" ("REASON_ID", "REASON_NAME", "DESCRIPTION", "ISO_LANG_CODE") values (?, ?, ?, ?) [params=?, ?, ?, ?]
23841  in_memory_database_testing  TRACE  [Test worker] openjpa.jdbc.SQL - <t 1419574106, conn 972522616> [1 ms] spent
23841  in_memory_database_testing  TRACE  [Test worker] openjpa.jdbc.SQL - <t 1419574106, conn 972522616> batching prepstmnt 1677100931 insert into "PUBLIC"."RULETYPE_LANG" ("RULETYPE_ID", "RULETYPE_NAME", "DESCRIPTION", "ISO_LANG_CODE") values (?, ?, ?, ?) [params=?, ?, ?, ?]
23841  in_memory_database_testing  TRACE  [Test worker] openjpa.jdbc.SQL - <t 1419574106, conn 972522616> [0 ms] spent
23842  in_memory_database_testing  TRACE  [Test worker] openjpa.jdbc.SQL - <t 1419574106, conn 972522616> executing batch prepstmnt 1677100931 insert into "PUBLIC"."RULETYPE_LANG" ("RULETYPE_ID", "RULETYPE_NAME", "DESCRIPTION", "ISO_LANG_CODE") values (?, ?, ?, ?) [params=?, ?, ?, ?]
23843  in_memory_database_testing  TRACE  [Test worker] openjpa.jdbc.SQL - <t 1419574106, conn 972522616> [1 ms] spent
23852  in_memory_database_testing  TRACE  [Test worker] openjpa.jdbc.SQL - <t 1419574106, conn 972522616> executing prepstmnt 1451458892 SELECT t0.ISO_LANG_CODE, t0.QTY_TYPE_ID, t0.DESCRIPTION, t0.QTY_TYPE_NAME FROM PUBLIC.QTY_TYPE_LANG t0
23853  in_memory_database_testing  TRACE  [Test worker] openjpa.jdbc.SQL - <t 1419574106, conn 972522616> [1 ms] spent
Aug 20, 2020 12:54:22 PM org.unitils.orm.jpa.JpaModule flushOrmPersistenceContext
INFO: Flushing entity manager org.apache.openjpa.persistence.EntityManagerImpl@11d9fffe
23860  in_memory_database_testing  TRACE  [Test worker] openjpa.jdbc.SQL - <t 1419574106, conn 972522616> executing prepstmnt 1093713742 UPDATE PUBLIC.QTY_TYPE_LANG SET DESCRIPTION = ?, QTY_TYPE_NAME = ? WHERE ISO_LANG_CODE = ? AND QTY_TYPE_ID = ? [params=?, ?, ?, ?]
23861  in_memory_database_testing  TRACE  [Test worker] openjpa.jdbc.SQL - <t 1419574106, conn 972522616> [1 ms] spent
Aug 20, 2020 12:54:22 PM org.unitils.dbunit.DbUnitModule getDataSet
INFO: Loading DbUnit data set. File names: [/home/gradle/project/build/resources/test/colruyt/rearulmgtdmnejb/service/dl/dataset/ReferenceDataDlServiceTest.xml]
23874  in_memory_database_testing  TRACE  [Test worker] openjpa.jdbc.SQL - <t 1419574106, conn 972522616> batching prepstmnt 557251780 insert into "PUBLIC"."FLTOUT_TYPE_LANG" ("FLTOUT_TYPE_ID", "FLTOUT_TYPE_NAME", "DESCRIPTION", "ISO_LANG_CODE") values (?, ?, ?, ?) [params=?, ?, ?, ?]
23875  in_memory_database_testing  TRACE  [Test worker] openjpa.jdbc.SQL - <t 1419574106, conn 972522616> [0 ms] spent
23875  in_memory_database_testing  TRACE  [Test worker] openjpa.jdbc.SQL - <t 1419574106, conn 972522616> batching prepstmnt 557251780 insert into "PUBLIC"."FLTOUT_TYPE_LANG" ("FLTOUT_TYPE_ID", "FLTOUT_TYPE_NAME", "DESCRIPTION", "ISO_LANG_CODE") values (?, ?, ?, ?) [params=?, ?, ?, ?]
23875  in_memory_database_testing  TRACE  [Test worker] openjpa.jdbc.SQL - <t 1419574106, conn 972522616> [0 ms] spent
23875  in_memory_database_testing  TRACE  [Test worker] openjpa.jdbc.SQL - <t 1419574106, conn 972522616> executing batch prepstmnt 557251780 insert into "PUBLIC"."FLTOUT_TYPE_LANG" ("FLTOUT_TYPE_ID", "FLTOUT_TYPE_NAME", "DESCRIPTION", "ISO_LANG_CODE") values (?, ?, ?, ?) [params=?, ?, ?, ?]
23876  in_memory_database_testing  TRACE  [Test worker] openjpa.jdbc.SQL - <t 1419574106, conn 972522616> [1 ms] spent
23876  in_memory_database_testing  TRACE  [Test worker] openjpa.jdbc.SQL - <t 1419574106, conn 972522616> batching prepstmnt 1079189712 insert into "PUBLIC"."QTY_COND_LANG" ("QTY_COND_ID", "QTY_COND_NAME", "DESCRIPTION", "ISO_LANG_CODE") values (?, ?, ?, ?) [params=?, ?, ?, ?]
23877  in_memory_database_testing  TRACE  [Test worker] openjpa.jdbc.SQL - <t 1419574106, conn 972522616> [0 ms] spent
23877  in_memory_database_testing  TRACE  [Test worker] openjpa.jdbc.SQL - <t 1419574106, conn 972522616> executing batch prepstmnt 1079189712 insert into "PUBLIC"."QTY_COND_LANG" ("QTY_COND_ID", "QTY_COND_NAME", "DESCRIPTION", "ISO_LANG_CODE") values (?, ?, ?, ?) [params=?, ?, ?, ?]
23878  in_memory_database_testing  TRACE  [Test worker] openjpa.jdbc.SQL - <t 1419574106, conn 972522616> [1 ms] spent
23878  in_memory_database_testing  TRACE  [Test worker] openjpa.jdbc.SQL - <t 1419574106, conn 972522616> batching prepstmnt 360246403 insert into "PUBLIC"."QTY_TYPE_LANG" ("QTY_TYPE_ID", "QTY_TYPE_NAME", "DESCRIPTION", "ISO_LANG_CODE") values (?, ?, ?, ?) [params=?, ?, ?, ?]
23879  in_memory_database_testing  TRACE  [Test worker] openjpa.jdbc.SQL - <t 1419574106, conn 972522616> [0 ms] spent
23879  in_memory_database_testing  TRACE  [Test worker] openjpa.jdbc.SQL - <t 1419574106, conn 972522616> executing batch prepstmnt 360246403 insert into "PUBLIC"."QTY_TYPE_LANG" ("QTY_TYPE_ID", "QTY_TYPE_NAME", "DESCRIPTION", "ISO_LANG_CODE") values (?, ?, ?, ?) [params=?, ?, ?, ?]
23880  in_memory_database_testing  TRACE  [Test worker] openjpa.jdbc.SQL - <t 1419574106, conn 972522616> [1 ms] spent
23881  in_memory_database_testing  TRACE  [Test worker] openjpa.jdbc.SQL - <t 1419574106, conn 972522616> batching prepstmnt 1781736489 insert into "PUBLIC"."REA_REASON_LANG" ("REASON_ID", "REASON_NAME", "DESCRIPTION", "ISO_LANG_CODE") values (?, ?, ?, ?) [params=?, ?, ?, ?]
23881  in_memory_database_testing  TRACE  [Test worker] openjpa.jdbc.SQL - <t 1419574106, conn 972522616> [0 ms] spent
23881  in_memory_database_testing  TRACE  [Test worker] openjpa.jdbc.SQL - <t 1419574106, conn 972522616> executing batch prepstmnt 1781736489 insert into "PUBLIC"."REA_REASON_LANG" ("REASON_ID", "REASON_NAME", "DESCRIPTION", "ISO_LANG_CODE") values (?, ?, ?, ?) [params=?, ?, ?, ?]
23882  in_memory_database_testing  TRACE  [Test worker] openjpa.jdbc.SQL - <t 1419574106, conn 972522616> [1 ms] spent
23883  in_memory_database_testing  TRACE  [Test worker] openjpa.jdbc.SQL - <t 1419574106, conn 972522616> batching prepstmnt 2088052087 insert into "PUBLIC"."RULETYPE_LANG" ("RULETYPE_ID", "RULETYPE_NAME", "DESCRIPTION", "ISO_LANG_CODE") values (?, ?, ?, ?) [params=?, ?, ?, ?]
23883  in_memory_database_testing  TRACE  [Test worker] openjpa.jdbc.SQL - <t 1419574106, conn 972522616> [0 ms] spent
23884  in_memory_database_testing  TRACE  [Test worker] openjpa.jdbc.SQL - <t 1419574106, conn 972522616> executing batch prepstmnt 2088052087 insert into "PUBLIC"."RULETYPE_LANG" ("RULETYPE_ID", "RULETYPE_NAME", "DESCRIPTION", "ISO_LANG_CODE") values (?, ?, ?, ?) [params=?, ?, ?, ?]
23884  in_memory_database_testing  TRACE  [Test worker] openjpa.jdbc.SQL - <t 1419574106, conn 972522616> [0 ms] spent
23888  in_memory_database_testing  TRACE  [Test worker] openjpa.jdbc.SQL - <t 1419574106, conn 972522616> executing prepstmnt 81155058 SELECT t0.ISO_LANG_CODE, t0.RULETYPE_ID, t0.DESCRIPTION, t0.RULETYPE_NAME FROM PUBLIC.RULETYPE_LANG t0
23889  in_memory_database_testing  TRACE  [Test worker] openjpa.jdbc.SQL - <t 1419574106, conn 972522616> [0 ms] spent
Aug 20, 2020 12:54:22 PM org.unitils.orm.jpa.JpaModule flushOrmPersistenceContext
INFO: Flushing entity manager org.apache.openjpa.persistence.EntityManagerImpl@4d355c6b
23893  in_memory_database_testing  TRACE  [Test worker] openjpa.jdbc.SQL - <t 1419574106, conn 972522616> executing prepstmnt 1118801328 UPDATE PUBLIC.RULETYPE_LANG SET DESCRIPTION = ?, RULETYPE_NAME = ? WHERE ISO_LANG_CODE = ? AND RULETYPE_ID = ? [params=?, ?, ?, ?]
23894  in_memory_database_testing  TRACE  [Test worker] openjpa.jdbc.SQL - <t 1419574106, conn 972522616> [1 ms] spent
Aug 20, 2020 12:54:22 PM org.unitils.dbunit.DbUnitModule getDataSet
INFO: Loading DbUnit data set. File names: [/home/gradle/project/build/resources/test/colruyt/rearulmgtdmnejb/service/dl/dataset/ReferenceDataDlServiceTest.xml]
23906  in_memory_database_testing  TRACE  [Test worker] openjpa.jdbc.SQL - <t 1419574106, conn 972522616> batching prepstmnt 319830805 insert into "PUBLIC"."FLTOUT_TYPE_LANG" ("FLTOUT_TYPE_ID", "FLTOUT_TYPE_NAME", "DESCRIPTION", "ISO_LANG_CODE") values (?, ?, ?, ?) [params=?, ?, ?, ?]
23906  in_memory_database_testing  TRACE  [Test worker] openjpa.jdbc.SQL - <t 1419574106, conn 972522616> [0 ms] spent
23906  in_memory_database_testing  TRACE  [Test worker] openjpa.jdbc.SQL - <t 1419574106, conn 972522616> batching prepstmnt 319830805 insert into "PUBLIC"."FLTOUT_TYPE_LANG" ("FLTOUT_TYPE_ID", "FLTOUT_TYPE_NAME", "DESCRIPTION", "ISO_LANG_CODE") values (?, ?, ?, ?) [params=?, ?, ?, ?]
23907  in_memory_database_testing  TRACE  [Test worker] openjpa.jdbc.SQL - <t 1419574106, conn 972522616> [0 ms] spent
23907  in_memory_database_testing  TRACE  [Test worker] openjpa.jdbc.SQL - <t 1419574106, conn 972522616> executing batch prepstmnt 319830805 insert into "PUBLIC"."FLTOUT_TYPE_LANG" ("FLTOUT_TYPE_ID", "FLTOUT_TYPE_NAME", "DESCRIPTION", "ISO_LANG_CODE") values (?, ?, ?, ?) [params=?, ?, ?, ?]
23908  in_memory_database_testing  TRACE  [Test worker] openjpa.jdbc.SQL - <t 1419574106, conn 972522616> [1 ms] spent
23908  in_memory_database_testing  TRACE  [Test worker] openjpa.jdbc.SQL - <t 1419574106, conn 972522616> batching prepstmnt 619389632 insert into "PUBLIC"."QTY_COND_LANG" ("QTY_COND_ID", "QTY_COND_NAME", "DESCRIPTION", "ISO_LANG_CODE") values (?, ?, ?, ?) [params=?, ?, ?, ?]
23909  in_memory_database_testing  TRACE  [Test worker] openjpa.jdbc.SQL - <t 1419574106, conn 972522616> [0 ms] spent
23910  in_memory_database_testing  TRACE  [Test worker] openjpa.jdbc.SQL - <t 1419574106, conn 972522616> executing batch prepstmnt 619389632 insert into "PUBLIC"."QTY_COND_LANG" ("QTY_COND_ID", "QTY_COND_NAME", "DESCRIPTION", "ISO_LANG_CODE") values (?, ?, ?, ?) [params=?, ?, ?, ?]
23910  in_memory_database_testing  TRACE  [Test worker] openjpa.jdbc.SQL - <t 1419574106, conn 972522616> [0 ms] spent
23912  in_memory_database_testing  TRACE  [Test worker] openjpa.jdbc.SQL - <t 1419574106, conn 972522616> batching prepstmnt 1264604971 insert into "PUBLIC"."QTY_TYPE_LANG" ("QTY_TYPE_ID", "QTY_TYPE_NAME", "DESCRIPTION", "ISO_LANG_CODE") values (?, ?, ?, ?) [params=?, ?, ?, ?]
23913  in_memory_database_testing  TRACE  [Test worker] openjpa.jdbc.SQL - <t 1419574106, conn 972522616> [0 ms] spent
23914  in_memory_database_testing  TRACE  [Test worker] openjpa.jdbc.SQL - <t 1419574106, conn 972522616> executing batch prepstmnt 1264604971 insert into "PUBLIC"."QTY_TYPE_LANG" ("QTY_TYPE_ID", "QTY_TYPE_NAME", "DESCRIPTION", "ISO_LANG_CODE") values (?, ?, ?, ?) [params=?, ?, ?, ?]
23914  in_memory_database_testing  TRACE  [Test worker] openjpa.jdbc.SQL - <t 1419574106, conn 972522616> [0 ms] spent
23918  in_memory_database_testing  TRACE  [Test worker] openjpa.jdbc.SQL - <t 1419574106, conn 972522616> batching prepstmnt 1272889241 insert into "PUBLIC"."REA_REASON_LANG" ("REASON_ID", "REASON_NAME", "DESCRIPTION", "ISO_LANG_CODE") values (?, ?, ?, ?) [params=?, ?, ?, ?]
23918  in_memory_database_testing  TRACE  [Test worker] openjpa.jdbc.SQL - <t 1419574106, conn 972522616> [0 ms] spent
23919  in_memory_database_testing  TRACE  [Test worker] openjpa.jdbc.SQL - <t 1419574106, conn 972522616> executing batch prepstmnt 1272889241 insert into "PUBLIC"."REA_REASON_LANG" ("REASON_ID", "REASON_NAME", "DESCRIPTION", "ISO_LANG_CODE") values (?, ?, ?, ?) [params=?, ?, ?, ?]
23919  in_memory_database_testing  TRACE  [Test worker] openjpa.jdbc.SQL - <t 1419574106, conn 972522616> [0 ms] spent
23920  in_memory_database_testing  TRACE  [Test worker] openjpa.jdbc.SQL - <t 1419574106, conn 972522616> batching prepstmnt 1493495140 insert into "PUBLIC"."RULETYPE_LANG" ("RULETYPE_ID", "RULETYPE_NAME", "DESCRIPTION", "ISO_LANG_CODE") values (?, ?, ?, ?) [params=?, ?, ?, ?]
23920  in_memory_database_testing  TRACE  [Test worker] openjpa.jdbc.SQL - <t 1419574106, conn 972522616> [0 ms] spent
23920  in_memory_database_testing  TRACE  [Test worker] openjpa.jdbc.SQL - <t 1419574106, conn 972522616> executing batch prepstmnt 1493495140 insert into "PUBLIC"."RULETYPE_LANG" ("RULETYPE_ID", "RULETYPE_NAME", "DESCRIPTION", "ISO_LANG_CODE") values (?, ?, ?, ?) [params=?, ?, ?, ?]
23921  in_memory_database_testing  TRACE  [Test worker] openjpa.jdbc.SQL - <t 1419574106, conn 972522616> [0 ms] spent
23925  in_memory_database_testing  TRACE  [Test worker] openjpa.jdbc.SQL - <t 1419574106, conn 972522616> executing prepstmnt 1393075022 SELECT t0.ISO_LANG_CODE, t0.QTY_COND_ID, t0.DESCRIPTION, t0.QTY_COND_NAME FROM PUBLIC.QTY_COND_LANG t0
23925  in_memory_database_testing  TRACE  [Test worker] openjpa.jdbc.SQL - <t 1419574106, conn 972522616> [0 ms] spent
Aug 20, 2020 12:54:22 PM org.unitils.orm.jpa.JpaModule flushOrmPersistenceContext
INFO: Flushing entity manager org.apache.openjpa.persistence.EntityManagerImpl@5d9f9519
23929  in_memory_database_testing  TRACE  [Test worker] openjpa.jdbc.SQL - <t 1419574106, conn 972522616> executing prepstmnt 1960259886 UPDATE PUBLIC.QTY_COND_LANG SET DESCRIPTION = ?, QTY_COND_NAME = ? WHERE ISO_LANG_CODE = ? AND QTY_COND_ID = ? [params=?, ?, ?, ?]
23930  in_memory_database_testing  TRACE  [Test worker] openjpa.jdbc.SQL - <t 1419574106, conn 972522616> [0 ms] spent
Aug 20, 2020 12:54:22 PM org.unitils.dbunit.DbUnitModule getDataSet
INFO: Loading DbUnit data set. File names: [/home/gradle/project/build/resources/test/colruyt/rearulmgtdmnejb/service/dl/dataset/ReferenceDataDlServiceTest.xml]
23941  in_memory_database_testing  TRACE  [Test worker] openjpa.jdbc.SQL - <t 1419574106, conn 972522616> batching prepstmnt 953932309 insert into "PUBLIC"."FLTOUT_TYPE_LANG" ("FLTOUT_TYPE_ID", "FLTOUT_TYPE_NAME", "DESCRIPTION", "ISO_LANG_CODE") values (?, ?, ?, ?) [params=?, ?, ?, ?]
23942  in_memory_database_testing  TRACE  [Test worker] openjpa.jdbc.SQL - <t 1419574106, conn 972522616> [0 ms] spent
23942  in_memory_database_testing  TRACE  [Test worker] openjpa.jdbc.SQL - <t 1419574106, conn 972522616> batching prepstmnt 953932309 insert into "PUBLIC"."FLTOUT_TYPE_LANG" ("FLTOUT_TYPE_ID", "FLTOUT_TYPE_NAME", "DESCRIPTION", "ISO_LANG_CODE") values (?, ?, ?, ?) [params=?, ?, ?, ?]
23942  in_memory_database_testing  TRACE  [Test worker] openjpa.jdbc.SQL - <t 1419574106, conn 972522616> [0 ms] spent
23943  in_memory_database_testing  TRACE  [Test worker] openjpa.jdbc.SQL - <t 1419574106, conn 972522616> executing batch prepstmnt 953932309 insert into "PUBLIC"."FLTOUT_TYPE_LANG" ("FLTOUT_TYPE_ID", "FLTOUT_TYPE_NAME", "DESCRIPTION", "ISO_LANG_CODE") values (?, ?, ?, ?) [params=?, ?, ?, ?]
23943  in_memory_database_testing  TRACE  [Test worker] openjpa.jdbc.SQL - <t 1419574106, conn 972522616> [0 ms] spent
23944  in_memory_database_testing  TRACE  [Test worker] openjpa.jdbc.SQL - <t 1419574106, conn 972522616> batching prepstmnt 968092372 insert into "PUBLIC"."QTY_COND_LANG" ("QTY_COND_ID", "QTY_COND_NAME", "DESCRIPTION", "ISO_LANG_CODE") values (?, ?, ?, ?) [params=?, ?, ?, ?]
23944  in_memory_database_testing  TRACE  [Test worker] openjpa.jdbc.SQL - <t 1419574106, conn 972522616> [0 ms] spent
23945  in_memory_database_testing  TRACE  [Test worker] openjpa.jdbc.SQL - <t 1419574106, conn 972522616> executing batch prepstmnt 968092372 insert into "PUBLIC"."QTY_COND_LANG" ("QTY_COND_ID", "QTY_COND_NAME", "DESCRIPTION", "ISO_LANG_CODE") values (?, ?, ?, ?) [params=?, ?, ?, ?]
23945  in_memory_database_testing  TRACE  [Test worker] openjpa.jdbc.SQL - <t 1419574106, conn 972522616> [0 ms] spent
23946  in_memory_database_testing  TRACE  [Test worker] openjpa.jdbc.SQL - <t 1419574106, conn 972522616> batching prepstmnt 1829256950 insert into "PUBLIC"."QTY_TYPE_LANG" ("QTY_TYPE_ID", "QTY_TYPE_NAME", "DESCRIPTION", "ISO_LANG_CODE") values (?, ?, ?, ?) [params=?, ?, ?, ?]
23946  in_memory_database_testing  TRACE  [Test worker] openjpa.jdbc.SQL - <t 1419574106, conn 972522616> [0 ms] spent
23946  in_memory_database_testing  TRACE  [Test worker] openjpa.jdbc.SQL - <t 1419574106, conn 972522616> executing batch prepstmnt 1829256950 insert into "PUBLIC"."QTY_TYPE_LANG" ("QTY_TYPE_ID", "QTY_TYPE_NAME", "DESCRIPTION", "ISO_LANG_CODE") values (?, ?, ?, ?) [params=?, ?, ?, ?]
23947  in_memory_database_testing  TRACE  [Test worker] openjpa.jdbc.SQL - <t 1419574106, conn 972522616> [0 ms] spent
23948  in_memory_database_testing  TRACE  [Test worker] openjpa.jdbc.SQL - <t 1419574106, conn 972522616> batching prepstmnt 838655432 insert into "PUBLIC"."REA_REASON_LANG" ("REASON_ID", "REASON_NAME", "DESCRIPTION", "ISO_LANG_CODE") values (?, ?, ?, ?) [params=?, ?, ?, ?]
23948  in_memory_database_testing  TRACE  [Test worker] openjpa.jdbc.SQL - <t 1419574106, conn 972522616> [0 ms] spent
23950  in_memory_database_testing  TRACE  [Test worker] openjpa.jdbc.SQL - <t 1419574106, conn 972522616> executing batch prepstmnt 838655432 insert into "PUBLIC"."REA_REASON_LANG" ("REASON_ID", "REASON_NAME", "DESCRIPTION", "ISO_LANG_CODE") values (?, ?, ?, ?) [params=?, ?, ?, ?]
23951  in_memory_database_testing  TRACE  [Test worker] openjpa.jdbc.SQL - <t 1419574106, conn 972522616> [1 ms] spent
23952  in_memory_database_testing  TRACE  [Test worker] openjpa.jdbc.SQL - <t 1419574106, conn 972522616> batching prepstmnt 1469162128 insert into "PUBLIC"."RULETYPE_LANG" ("RULETYPE_ID", "RULETYPE_NAME", "DESCRIPTION", "ISO_LANG_CODE") values (?, ?, ?, ?) [params=?, ?, ?, ?]
23952  in_memory_database_testing  TRACE  [Test worker] openjpa.jdbc.SQL - <t 1419574106, conn 972522616> [0 ms] spent
23952  in_memory_database_testing  TRACE  [Test worker] openjpa.jdbc.SQL - <t 1419574106, conn 972522616> executing batch prepstmnt 1469162128 insert into "PUBLIC"."RULETYPE_LANG" ("RULETYPE_ID", "RULETYPE_NAME", "DESCRIPTION", "ISO_LANG_CODE") values (?, ?, ?, ?) [params=?, ?, ?, ?]
23953  in_memory_database_testing  TRACE  [Test worker] openjpa.jdbc.SQL - <t 1419574106, conn 972522616> [0 ms] spent
23956  in_memory_database_testing  TRACE  [Test worker] openjpa.jdbc.SQL - <t 1419574106, conn 972522616> executing prepstmnt 180677723 SELECT t0.ISO_LANG_CODE, t0.REASON_ID, t0.DESCRIPTION, t0.REASON_NAME FROM PUBLIC.REA_REASON_LANG t0
23957  in_memory_database_testing  TRACE  [Test worker] openjpa.jdbc.SQL - <t 1419574106, conn 972522616> [1 ms] spent
Aug 20, 2020 12:54:22 PM org.unitils.orm.jpa.JpaModule flushOrmPersistenceContext
INFO: Flushing entity manager org.apache.openjpa.persistence.EntityManagerImpl@13d46cb3
23963  in_memory_database_testing  TRACE  [Test worker] openjpa.jdbc.SQL - <t 1419574106, conn 972522616> executing prepstmnt 1250860722 UPDATE PUBLIC.REA_REASON_LANG SET DESCRIPTION = ?, REASON_NAME = ? WHERE ISO_LANG_CODE = ? AND REASON_ID = ? [params=?, ?, ?, ?]
23965  in_memory_database_testing  TRACE  [Test worker] openjpa.jdbc.SQL - <t 1419574106, conn 972522616> [2 ms] spent
]]></system-err>
</testsuite>
