<?xml version="1.0" encoding="UTF-8"?>
<testsuite name="colruyt.rearulmgtdmnejb.utils.FilteringRuleActionConverterTest" tests="3" skipped="0" failures="0" errors="0" timestamp="2020-08-20T10:54:22" hostname="f5f2d81ae076" time="0.013">
  <properties/>
  <testcase name="convertFilteringRuleActionTest" classname="colruyt.rearulmgtdmnejb.utils.FilteringRuleActionConverterTest" time="0.008"/>
  <testcase name="convertToBoTest" classname="colruyt.rearulmgtdmnejb.utils.FilteringRuleActionConverterTest" time="0.002"/>
  <testcase name="createConverterTest" classname="colruyt.rearulmgtdmnejb.utils.FilteringRuleActionConverterTest" time="0.001"/>
  <system-out><![CDATA[]]></system-out>
  <system-err><![CDATA[]]></system-err>
</testsuite>
