<?xml version="1.0" encoding="UTF-8"?>
<testsuite name="colruyt.rearulmgtdmnejb.service.bl.RecordingNotFoundRuleServiceTest" tests="4" skipped="0" failures="0" errors="0" timestamp="2020-08-20T10:53:53" hostname="f5f2d81ae076" time="0.032">
  <properties/>
  <testcase name="physicalDeleteElementsTest" classname="colruyt.rearulmgtdmnejb.service.bl.RecordingNotFoundRuleServiceTest" time="0.015"/>
  <testcase name="createRuleSpecificAttributesTest" classname="colruyt.rearulmgtdmnejb.service.bl.RecordingNotFoundRuleServiceTest" time="0.009"/>
  <testcase name="getRuleSpecificValuesTest" classname="colruyt.rearulmgtdmnejb.service.bl.RecordingNotFoundRuleServiceTest" time="0.003"/>
  <testcase name="modifyRuleSpecificAttributesTest" classname="colruyt.rearulmgtdmnejb.service.bl.RecordingNotFoundRuleServiceTest" time="0.003"/>
  <system-out><![CDATA[2020-08-20 12:53:53,995 [DEBUG] colruyt.rearulmgtdmnejb.service.bl.RecordingNotFoundRuleService - physicalDeleteElements 1
2020-08-20 12:53:54,002 [DEBUG] colruyt.rearulmgtdmnejb.service.bl.RecordingNotFoundRuleService - Create Record Not Found Rule
2020-08-20 12:53:54,003 [DEBUG] colruyt.rearulmgtdmnejb.service.bl.RecordingNotFoundRuleService - Record Not Found Rule Mandatory field Validation
2020-08-20 12:53:54,011 [DEBUG] colruyt.rearulmgtdmnejb.service.bl.RecordingNotFoundRuleService - View Record Not Found Rule
2020-08-20 12:53:54,014 [DEBUG] colruyt.rearulmgtdmnejb.service.bl.RecordingNotFoundRuleService -  Edit Record Not Found Rule
2020-08-20 12:53:54,015 [DEBUG] colruyt.rearulmgtdmnejb.service.bl.RecordingNotFoundRuleService - Record Not Found Rule Mandatory field Validation
]]></system-out>
  <system-err><![CDATA[]]></system-err>
</testsuite>
